ARM GAS  C:\Users\Michael\AppData\Local\Temp\ccPJg50h.s 			page 1


   1              		.cpu cortex-m0
   2              		.fpu softvfp
   3              		.eabi_attribute 20, 1
   4              		.eabi_attribute 21, 1
   5              		.eabi_attribute 23, 3
   6              		.eabi_attribute 24, 1
   7              		.eabi_attribute 25, 1
   8              		.eabi_attribute 26, 1
   9              		.eabi_attribute 30, 6
  10              		.eabi_attribute 34, 0
  11              		.eabi_attribute 18, 4
  12              		.code	16
  13              		.file	"main.c"
  14              		.text
  15              	.Ltext0:
  16              		.cfi_sections	.debug_frame
  17              		.section	.text.main,"ax",%progbits
  18              		.align	2
  19              		.global	main
  20              		.code	16
  21              		.thumb_func
  22              		.type	main, %function
  23              	main:
  24              	.LFB35:
  25              		.file 1 ".\\main.c"
   1:.\main.c      **** /* ========================================
   2:.\main.c      ****  *
   3:.\main.c      ****  * Copyright YOUR COMPANY, THE YEAR
   4:.\main.c      ****  * All Rights Reserved
   5:.\main.c      ****  * UNPUBLISHED, LICENSED SOFTWARE.
   6:.\main.c      ****  *
   7:.\main.c      ****  * CONFIDENTIAL AND PROPRIETARY INFORMATION
   8:.\main.c      ****  * WHICH IS THE PROPERTY OF your company.
   9:.\main.c      ****  *
  10:.\main.c      ****  * ========================================
  11:.\main.c      **** */
  12:.\main.c      **** #include <project.h>
  13:.\main.c      **** 
  14:.\main.c      **** int main()
  15:.\main.c      **** {
  26              		.loc 1 15 0
  27              		.cfi_startproc
  28 0000 80B5     		push	{r7, lr}
  29              		.cfi_def_cfa_offset 8
  30              		.cfi_offset 7, -8
  31              		.cfi_offset 14, -4
  32 0002 00AF     		add	r7, sp, #0
  33              		.cfi_def_cfa_register 7
  34              	.L2:
  16:.\main.c      ****     /* Place your initialization/startup code here (e.g. MyInst_Start()) */
  17:.\main.c      **** 
  18:.\main.c      ****     /* CyGlobalIntEnable; */ /* Uncomment this line to enable global interrupts. */
  19:.\main.c      ****     for(;;)
  20:.\main.c      ****     {
  21:.\main.c      ****         Pin_LED_Write(~Pin_LED_Read());
  35              		.loc 1 21 0 discriminator 1
  36 0004 FFF7FEFF 		bl	Pin_LED_Read
ARM GAS  C:\Users\Michael\AppData\Local\Temp\ccPJg50h.s 			page 2


  37 0008 031C     		mov	r3, r0
  38 000a DB43     		mvn	r3, r3
  39 000c DBB2     		uxtb	r3, r3
  40 000e 181C     		mov	r0, r3
  41 0010 FFF7FEFF 		bl	Pin_LED_Write
  22:.\main.c      ****         CyDelay(1000);
  42              		.loc 1 22 0 discriminator 1
  43 0014 FA23     		mov	r3, #250
  44 0016 9B00     		lsl	r3, r3, #2
  45 0018 181C     		mov	r0, r3
  46 001a FFF7FEFF 		bl	CyDelay
  23:.\main.c      ****     }
  47              		.loc 1 23 0 discriminator 1
  48 001e F1E7     		b	.L2
  49              		.cfi_endproc
  50              	.LFE35:
  51              		.size	main, .-main
  52              		.text
  53              	.Letext0:
  54              		.section	.debug_info,"",%progbits
  55              	.Ldebug_info0:
  56 0000 99000000 		.4byte	0x99
  57 0004 0400     		.2byte	0x4
  58 0006 00000000 		.4byte	.Ldebug_abbrev0
  59 000a 04       		.byte	0x4
  60 000b 01       		.uleb128 0x1
  61 000c 49000000 		.4byte	.LASF13
  62 0010 01       		.byte	0x1
  63 0011 61010000 		.4byte	.LASF14
  64 0015 11010000 		.4byte	.LASF15
  65 0019 00000000 		.4byte	.Ldebug_ranges0+0
  66 001d 00000000 		.4byte	0
  67 0021 00000000 		.4byte	.Ldebug_line0
  68 0025 02       		.uleb128 0x2
  69 0026 01       		.byte	0x1
  70 0027 06       		.byte	0x6
  71 0028 05010000 		.4byte	.LASF0
  72 002c 02       		.uleb128 0x2
  73 002d 01       		.byte	0x1
  74 002e 08       		.byte	0x8
  75 002f C5000000 		.4byte	.LASF1
  76 0033 02       		.uleb128 0x2
  77 0034 02       		.byte	0x2
  78 0035 05       		.byte	0x5
  79 0036 E1000000 		.4byte	.LASF2
  80 003a 02       		.uleb128 0x2
  81 003b 02       		.byte	0x2
  82 003c 07       		.byte	0x7
  83 003d F2000000 		.4byte	.LASF3
  84 0041 02       		.uleb128 0x2
  85 0042 04       		.byte	0x4
  86 0043 05       		.byte	0x5
  87 0044 D8000000 		.4byte	.LASF4
  88 0048 02       		.uleb128 0x2
  89 0049 04       		.byte	0x4
  90 004a 07       		.byte	0x7
  91 004b 20000000 		.4byte	.LASF5
ARM GAS  C:\Users\Michael\AppData\Local\Temp\ccPJg50h.s 			page 3


  92 004f 02       		.uleb128 0x2
  93 0050 08       		.byte	0x8
  94 0051 05       		.byte	0x5
  95 0052 00000000 		.4byte	.LASF6
  96 0056 02       		.uleb128 0x2
  97 0057 08       		.byte	0x8
  98 0058 07       		.byte	0x7
  99 0059 32000000 		.4byte	.LASF7
 100 005d 03       		.uleb128 0x3
 101 005e 04       		.byte	0x4
 102 005f 05       		.byte	0x5
 103 0060 696E7400 		.ascii	"int\000"
 104 0064 02       		.uleb128 0x2
 105 0065 04       		.byte	0x4
 106 0066 07       		.byte	0x7
 107 0067 0E000000 		.4byte	.LASF8
 108 006b 02       		.uleb128 0x2
 109 006c 04       		.byte	0x4
 110 006d 04       		.byte	0x4
 111 006e 5B010000 		.4byte	.LASF9
 112 0072 02       		.uleb128 0x2
 113 0073 08       		.byte	0x8
 114 0074 04       		.byte	0x4
 115 0075 EB000000 		.4byte	.LASF10
 116 0079 02       		.uleb128 0x2
 117 007a 01       		.byte	0x1
 118 007b 08       		.byte	0x8
 119 007c D3000000 		.4byte	.LASF11
 120 0080 02       		.uleb128 0x2
 121 0081 04       		.byte	0x4
 122 0082 07       		.byte	0x7
 123 0083 6A010000 		.4byte	.LASF12
 124 0087 04       		.uleb128 0x4
 125 0088 1B000000 		.4byte	.LASF16
 126 008c 01       		.byte	0x1
 127 008d 0E       		.byte	0xe
 128 008e 5D000000 		.4byte	0x5d
 129 0092 00000000 		.4byte	.LFB35
 130 0096 20000000 		.4byte	.LFE35-.LFB35
 131 009a 01       		.uleb128 0x1
 132 009b 9C       		.byte	0x9c
 133 009c 00       		.byte	0
 134              		.section	.debug_abbrev,"",%progbits
 135              	.Ldebug_abbrev0:
 136 0000 01       		.uleb128 0x1
 137 0001 11       		.uleb128 0x11
 138 0002 01       		.byte	0x1
 139 0003 25       		.uleb128 0x25
 140 0004 0E       		.uleb128 0xe
 141 0005 13       		.uleb128 0x13
 142 0006 0B       		.uleb128 0xb
 143 0007 03       		.uleb128 0x3
 144 0008 0E       		.uleb128 0xe
 145 0009 1B       		.uleb128 0x1b
 146 000a 0E       		.uleb128 0xe
 147 000b 55       		.uleb128 0x55
 148 000c 17       		.uleb128 0x17
ARM GAS  C:\Users\Michael\AppData\Local\Temp\ccPJg50h.s 			page 4


 149 000d 11       		.uleb128 0x11
 150 000e 01       		.uleb128 0x1
 151 000f 10       		.uleb128 0x10
 152 0010 17       		.uleb128 0x17
 153 0011 00       		.byte	0
 154 0012 00       		.byte	0
 155 0013 02       		.uleb128 0x2
 156 0014 24       		.uleb128 0x24
 157 0015 00       		.byte	0
 158 0016 0B       		.uleb128 0xb
 159 0017 0B       		.uleb128 0xb
 160 0018 3E       		.uleb128 0x3e
 161 0019 0B       		.uleb128 0xb
 162 001a 03       		.uleb128 0x3
 163 001b 0E       		.uleb128 0xe
 164 001c 00       		.byte	0
 165 001d 00       		.byte	0
 166 001e 03       		.uleb128 0x3
 167 001f 24       		.uleb128 0x24
 168 0020 00       		.byte	0
 169 0021 0B       		.uleb128 0xb
 170 0022 0B       		.uleb128 0xb
 171 0023 3E       		.uleb128 0x3e
 172 0024 0B       		.uleb128 0xb
 173 0025 03       		.uleb128 0x3
 174 0026 08       		.uleb128 0x8
 175 0027 00       		.byte	0
 176 0028 00       		.byte	0
 177 0029 04       		.uleb128 0x4
 178 002a 2E       		.uleb128 0x2e
 179 002b 00       		.byte	0
 180 002c 3F       		.uleb128 0x3f
 181 002d 19       		.uleb128 0x19
 182 002e 03       		.uleb128 0x3
 183 002f 0E       		.uleb128 0xe
 184 0030 3A       		.uleb128 0x3a
 185 0031 0B       		.uleb128 0xb
 186 0032 3B       		.uleb128 0x3b
 187 0033 0B       		.uleb128 0xb
 188 0034 49       		.uleb128 0x49
 189 0035 13       		.uleb128 0x13
 190 0036 11       		.uleb128 0x11
 191 0037 01       		.uleb128 0x1
 192 0038 12       		.uleb128 0x12
 193 0039 06       		.uleb128 0x6
 194 003a 40       		.uleb128 0x40
 195 003b 18       		.uleb128 0x18
 196 003c 9642     		.uleb128 0x2116
 197 003e 19       		.uleb128 0x19
 198 003f 00       		.byte	0
 199 0040 00       		.byte	0
 200 0041 00       		.byte	0
 201              		.section	.debug_aranges,"",%progbits
 202 0000 1C000000 		.4byte	0x1c
 203 0004 0200     		.2byte	0x2
 204 0006 00000000 		.4byte	.Ldebug_info0
 205 000a 04       		.byte	0x4
ARM GAS  C:\Users\Michael\AppData\Local\Temp\ccPJg50h.s 			page 5


 206 000b 00       		.byte	0
 207 000c 0000     		.2byte	0
 208 000e 0000     		.2byte	0
 209 0010 00000000 		.4byte	.LFB35
 210 0014 20000000 		.4byte	.LFE35-.LFB35
 211 0018 00000000 		.4byte	0
 212 001c 00000000 		.4byte	0
 213              		.section	.debug_ranges,"",%progbits
 214              	.Ldebug_ranges0:
 215 0000 00000000 		.4byte	.LFB35
 216 0004 20000000 		.4byte	.LFE35
 217 0008 00000000 		.4byte	0
 218 000c 00000000 		.4byte	0
 219              		.section	.debug_line,"",%progbits
 220              	.Ldebug_line0:
 221 0000 43000000 		.section	.debug_str,"MS",%progbits,1
 221      02001F00 
 221      00000201 
 221      FB0E0D00 
 221      01010101 
 222              	.LASF6:
 223 0000 6C6F6E67 		.ascii	"long long int\000"
 223      206C6F6E 
 223      6720696E 
 223      7400
 224              	.LASF8:
 225 000e 756E7369 		.ascii	"unsigned int\000"
 225      676E6564 
 225      20696E74 
 225      00
 226              	.LASF16:
 227 001b 6D61696E 		.ascii	"main\000"
 227      00
 228              	.LASF5:
 229 0020 6C6F6E67 		.ascii	"long unsigned int\000"
 229      20756E73 
 229      69676E65 
 229      6420696E 
 229      7400
 230              	.LASF7:
 231 0032 6C6F6E67 		.ascii	"long long unsigned int\000"
 231      206C6F6E 
 231      6720756E 
 231      7369676E 
 231      65642069 
 232              	.LASF13:
 233 0049 474E5520 		.ascii	"GNU C 4.8.4 20140526 (release) [ARM/embedded-4_8-br"
 233      4320342E 
 233      382E3420 
 233      32303134 
 233      30353236 
 234 007c 616E6368 		.ascii	"anch revision 211358] -mcpu=cortex-m0 -mthumb -g -O"
 234      20726576 
 234      6973696F 
 234      6E203231 
 234      31333538 
 235 00af 30202D66 		.ascii	"0 -ffunction-sections\000"
ARM GAS  C:\Users\Michael\AppData\Local\Temp\ccPJg50h.s 			page 6


 235      66756E63 
 235      74696F6E 
 235      2D736563 
 235      74696F6E 
 236              	.LASF1:
 237 00c5 756E7369 		.ascii	"unsigned char\000"
 237      676E6564 
 237      20636861 
 237      7200
 238              	.LASF11:
 239 00d3 63686172 		.ascii	"char\000"
 239      00
 240              	.LASF4:
 241 00d8 6C6F6E67 		.ascii	"long int\000"
 241      20696E74 
 241      00
 242              	.LASF2:
 243 00e1 73686F72 		.ascii	"short int\000"
 243      7420696E 
 243      7400
 244              	.LASF10:
 245 00eb 646F7562 		.ascii	"double\000"
 245      6C6500
 246              	.LASF3:
 247 00f2 73686F72 		.ascii	"short unsigned int\000"
 247      7420756E 
 247      7369676E 
 247      65642069 
 247      6E7400
 248              	.LASF0:
 249 0105 7369676E 		.ascii	"signed char\000"
 249      65642063 
 249      68617200 
 250              	.LASF15:
 251 0111 433A5C55 		.ascii	"C:\\Users\\Michael\\Documents\\PSoC Creator\\BLE La"
 251      73657273 
 251      5C4D6963 
 251      6861656C 
 251      5C446F63 
 252 013f 6220315C 		.ascii	"b 1\\BLE Lab 1_Red LED.cydsn\000"
 252      424C4520 
 252      4C616220 
 252      315F5265 
 252      64204C45 
 253              	.LASF9:
 254 015b 666C6F61 		.ascii	"float\000"
 254      7400
 255              	.LASF14:
 256 0161 2E5C6D61 		.ascii	".\\main.c\000"
 256      696E2E63 
 256      00
 257              	.LASF12:
 258 016a 73697A65 		.ascii	"sizetype\000"
 258      74797065 
 258      00
 259              		.ident	"GCC: (GNU Tools for ARM Embedded Processors) 4.8.4 20140526 (release) [ARM/embedded-4_8-br
